<?xml version="1.0" encoding="UTF-8"?>
<testsuite name="TestSuite" time="0.019" tests="19" errors="0" skipped="0" failures="0">
  <properties>
    <property name="java.runtime.name" value="Java(TM) SE Runtime Environment"/>
    <property name="sun.boot.library.path" value="C:\Program Files\Java\jdk1.8.0_144\jre\bin"/>
    <property name="java.vm.version" value="25.144-b01"/>
    <property name="java.vm.vendor" value="Oracle Corporation"/>
    <property name="maven.multiModuleProjectDirectory" value="D:\IdeaProjects\TestProject\XunitDemo"/>
    <property name="java.vendor.url" value="http://java.oracle.com/"/>
    <property name="path.separator" value=";"/>
    <property name="guice.disable.misplaced.annotation.check" value="true"/>
    <property name="java.vm.name" value="Java HotSpot(TM) 64-Bit Server VM"/>
    <property name="file.encoding.pkg" value="sun.io"/>
    <property name="user.script" value=""/>
    <property name="user.country" value="CN"/>
    <property name="sun.java.launcher" value="SUN_STANDARD"/>
    <property name="sun.os.patch.level" value=""/>
    <property name="java.vm.specification.name" value="Java Virtual Machine Specification"/>
    <property name="user.dir" value="D:\IdeaProjects\TestProject\XunitDemo"/>
    <property name="java.runtime.version" value="1.8.0_144-b01"/>
    <property name="java.awt.graphicsenv" value="sun.awt.Win32GraphicsEnvironment"/>
    <property name="java.endorsed.dirs" value="C:\Program Files\Java\jdk1.8.0_144\jre\lib\endorsed"/>
    <property name="os.arch" value="amd64"/>
    <property name="java.io.tmpdir" value="C:\Users\YUNHUL~1\AppData\Local\Temp\"/>
    <property name="line.separator" value="&#10;"/>
    <property name="java.vm.specification.vendor" value="Oracle Corporation"/>
    <property name="user.variant" value=""/>
    <property name="os.name" value="Windows 10"/>
    <property name="classworlds.conf" value="C:\Porgram App\apache-maven-3.5.4\bin\..\bin\m2.conf"/>
    <property name="sun.jnu.encoding" value="GBK"/>
    <property name="java.library.path" value="C:\Program Files\Java\jdk1.8.0_144\bin;C:\WINDOWS\Sun\Java\bin;C:\WINDOWS\system32;C:\WINDOWS;C:\Program Files (x86)\Intel\Intel(R) Management Engine Components\iCLS\;C:\Program Files\Intel\Intel(R) Management Engine Components\iCLS\;C:\WINDOWS\system32;C:\WINDOWS;C:\WINDOWS\System32\Wbem;C:\WINDOWS\System32\WindowsPowerShell\v1.0\;C:\Program Files (x86)\Intel\Intel(R) Management Engine Components\DAL;C:\Program Files\Intel\Intel(R) Management Engine Components\DAL;C:\Program Files (x86)\Intel\Intel(R) Management Engine Components\IPT;C:\Program Files\Intel\Intel(R) Management Engine Components\IPT;C:\WINDOWS\System32\OpenSSH\;C:\Program Files\Java\jdk1.8.0_144\bin;C:\Program Files\Java\jdk1.8.0_144\jre\bin;C:\Porgram App\apache-maven-3.5.4\bin;C:\Porgram App\Git\cmd;C:\Porgram App\TortoiseGit\bin;C:\adt-bundle-windows\platform-tools;C:\adt-bundle-windows\tools;C:\Porgram App\nodejs\;C:\Porgram App\Python34;C:\Users\Yunhulian\AppData\Local\Microsoft\WindowsApps;;C:\Porgram App\Fiddler;C:\Users\Yunhulian\AppData\Roaming\npm;C:\Porgram App\JetBrains\PyCharm Community Edition 2018.3.1\bin;;."/>
    <property name="maven.conf" value="C:\Porgram App\apache-maven-3.5.4\bin\../conf"/>
    <property name="java.specification.name" value="Java Platform API Specification"/>
    <property name="java.class.version" value="52.0"/>
    <property name="sun.management.compiler" value="HotSpot 64-Bit Tiered Compilers"/>
    <property name="os.version" value="10.0"/>
    <property name="library.jansi.path" value="C:\Porgram App\apache-maven-3.5.4\bin\..\lib\jansi-native"/>
    <property name="user.home" value="C:\Users\Yunhulian"/>
    <property name="user.timezone" value="Asia/Shanghai"/>
    <property name="java.awt.printerjob" value="sun.awt.windows.WPrinterJob"/>
    <property name="java.specification.version" value="1.8"/>
    <property name="file.encoding" value="GBK"/>
    <property name="user.name" value="Yunhulian"/>
    <property name="java.class.path" value="C:\Porgram App\apache-maven-3.5.4\bin\..\boot\plexus-classworlds-2.5.2.jar"/>
    <property name="java.vm.specification.version" value="1.8"/>
    <property name="sun.arch.data.model" value="64"/>
    <property name="java.home" value="C:\Program Files\Java\jdk1.8.0_144\jre"/>
    <property name="sun.java.command" value="org.codehaus.plexus.classworlds.launcher.Launcher test"/>
    <property name="java.specification.vendor" value="Oracle Corporation"/>
    <property name="user.language" value="zh"/>
    <property name="awt.toolkit" value="sun.awt.windows.WToolkit"/>
    <property name="java.vm.info" value="mixed mode"/>
    <property name="java.version" value="1.8.0_144"/>
    <property name="java.ext.dirs" value="C:\Program Files\Java\jdk1.8.0_144\jre\lib\ext;C:\WINDOWS\Sun\Java\lib\ext"/>
    <property name="sun.boot.class.path" value="C:\Program Files\Java\jdk1.8.0_144\jre\lib\resources.jar;C:\Program Files\Java\jdk1.8.0_144\jre\lib\rt.jar;C:\Program Files\Java\jdk1.8.0_144\jre\lib\sunrsasign.jar;C:\Program Files\Java\jdk1.8.0_144\jre\lib\jsse.jar;C:\Program Files\Java\jdk1.8.0_144\jre\lib\jce.jar;C:\Program Files\Java\jdk1.8.0_144\jre\lib\charsets.jar;C:\Program Files\Java\jdk1.8.0_144\jre\lib\jfr.jar;C:\Program Files\Java\jdk1.8.0_144\jre\classes"/>
    <property name="sun.stderr.encoding" value="ms936"/>
    <property name="java.vendor" value="Oracle Corporation"/>
    <property name="maven.home" value="C:\Porgram App\apache-maven-3.5.4\bin\.."/>
    <property name="file.separator" value="\"/>
    <property name="java.vendor.url.bug" value="http://bugreport.sun.com/bugreport/"/>
    <property name="sun.cpu.endian" value="little"/>
    <property name="sun.io.unicode.encoding" value="UnicodeLittle"/>
    <property name="sun.stdout.encoding" value="ms936"/>
    <property name="sun.desktop" value="windows"/>
    <property name="sun.cpu.isalist" value="amd64"/>
  </properties>
  <testcase name="testLogin" classname="TestXunit.LoginTest" time="0.006"/>
  <testcase name="testLogin" classname="TestXunit.LoginTest" time="0"/>
  <testcase name="testLogin" classname="TestXunit.LoginTest" time="0"/>
  <testcase name="testLogin" classname="TestXunit.LoginTest" time="0"/>
  <testcase name="testGetPrice" classname="TestXunit.ShoppingTest" time="0.002"/>
  <testcase name="testGetPrice" classname="TestXunit.ShoppingTest" time="0.001"/>
  <testcase name="testGetPrice" classname="TestXunit.ShoppingTest" time="0.004"/>
  <testcase name="testGetPrice" classname="TestXunit.ShoppingTest" time="0.002"/>
  <testcase name="testShoppingBuys" classname="TestXunit.ShoppingBuysTest" time="0"/>
  <testcase name="testShoppingBuys" classname="TestXunit.ShoppingBuysTest" time="0.001"/>
  <testcase name="testShoppingBuys" classname="TestXunit.ShoppingBuysTest" time="0.001"/>
  <testcase name="testShoppingBuys" classname="TestXunit.ShoppingBuysTest" time="0"/>
  <testcase name="testShoppingBuys" classname="TestXunit.ShoppingBuysTest" time="0.001"/>
  <testcase name="testShoppingBuys" classname="TestXunit.ShoppingBuysTest" time="0"/>
  <testcase name="testShoppingBuys" classname="TestXunit.ShoppingBuysTest" time="0"/>
  <testcase name="testShoppingBuys" classname="TestXunit.ShoppingBuysTest" time="0"/>
  <testcase name="testShoppingBuys" classname="TestXunit.ShoppingBuysTest" time="0"/>
  <testcase name="testShoppingBuys" classname="TestXunit.ShoppingBuysTest" time="0.001"/>
  <testcase name="testShoppingBuys" classname="TestXunit.ShoppingBuysTest" time="0"/>
</testsuite>