<?xml version="1.0" encoding="UTF-8"?>
<!-- Generated by org.testng.reporters.JUnitReportReporter -->
<testsuite skipped="0" hostname="DESKTOP-92BD7TV" name="TestXunit.ShoppingBuysTest" tests="11" failures="0" timestamp="26 十二月 2018 09:43:29 GMT" time="0.012" errors="0">
  <testcase name="testShoppingBuys" time="0.001" classname="TestXunit.ShoppingBuysTest"/>
  <testcase name="testShoppingBuys" time="0.001" classname="TestXunit.ShoppingBuysTest"/>
  <testcase name="testShoppingBuys" time="0.000" classname="TestXunit.ShoppingBuysTest"/>
  <testcase name="testShoppingBuys" time="0.002" classname="TestXunit.ShoppingBuysTest"/>
  <testcase name="testShoppingBuys" time="0.000" classname="TestXunit.ShoppingBuysTest"/>
  <testcase name="testShoppingBuys" time="0.003" classname="TestXunit.ShoppingBuysTest"/>
  <testcase name="testShoppingBuys" time="0.001" classname="TestXunit.ShoppingBuysTest"/>
  <testcase name="testShoppingBuys" time="0.002" classname="TestXunit.ShoppingBuysTest"/>
  <testcase name="testShoppingBuys" time="0.001" classname="TestXunit.ShoppingBuysTest"/>
  <testcase name="testShoppingBuys" time="0.001" classname="TestXunit.ShoppingBuysTest"/>
  <testcase name="testShoppingBuys" time="0.000" classname="TestXunit.ShoppingBuysTest"/>
</testsuite> <!-- TestXunit.ShoppingBuysTest -->
