<?xml version="1.0" encoding="UTF-8"?>
<!-- Generated by org.testng.reporters.JUnitReportReporter -->
<testsuite skipped="0" hostname="DESKTOP-92BD7TV" name="TestXunit.LoginTest" tests="4" failures="0" timestamp="26 十二月 2018 09:43:29 GMT" time="0.007" errors="0">
  <testcase name="testLogin" time="0.001" classname="TestXunit.LoginTest"/>
  <testcase name="testLogin" time="0.000" classname="TestXunit.LoginTest"/>
  <testcase name="testLogin" time="0.006" classname="TestXunit.LoginTest"/>
  <testcase name="testLogin" time="0.000" classname="TestXunit.LoginTest"/>
</testsuite> <!-- TestXunit.LoginTest -->
