<?xml version="1.0" encoding="UTF-8"?>
<!-- Generated by org.testng.reporters.JUnitReportReporter -->
<testsuite skipped="0" hostname="DESKTOP-92BD7TV" name="TestXunit.ShoppingTest" tests="4" failures="0" timestamp="26 十二月 2018 09:43:29 GMT" time="0.003" errors="0">
  <testcase name="testGetPrice" time="0.000" classname="TestXunit.ShoppingTest"/>
  <testcase name="testGetPrice" time="0.001" classname="TestXunit.ShoppingTest"/>
  <testcase name="testGetPrice" time="0.001" classname="TestXunit.ShoppingTest"/>
  <testcase name="testGetPrice" time="0.001" classname="TestXunit.ShoppingTest"/>
</testsuite> <!-- TestXunit.ShoppingTest -->
